<?xml version="1.0" encoding="UTF-8"?>
<beans xmlns="http://www.springframework.org/schema/beans"
       xmlns:xsi="http://www.w3.org/2001/XMLSchema-instance" xmlns:mq="http://www.xiaoying.tv/schema/base-common/mq"
       xsi:schemaLocation="http://www.springframework.org/schema/beans
        http://www.springframework.org/schema/beans/spring-beans-3.1.xsd http://www.xiaoying.tv/schema/base-common/mq http://www.xiaoying.tv/schema/base-common/mq/mq.xsd">


    <bean name="testMqReceivers" class="com.xiaoying.common.mq.xml.TestMqReceviers"/>
    <mq:consumer consume-group="test" bean-ref="testMqReceivers"
                 max-retry-time="3" topic="junit-test" consume-mode=""
                 message-model="CLUSTERING" consume-thread-max="1"/>
    <mq:producer enable=""/>

</beans>
